\BOOKMARK [1][-]{section.1}{Introduction}{}% 1
\BOOKMARK [1][-]{section.2}{Existing Empirical Evidence on Heterogeneity in Consumption Behavior}{}% 2
\BOOKMARK [1][-]{section.3}{Empirical Strategy}{}% 3
\BOOKMARK [2][-]{subsection.3.1}{Methodology Intuition}{section.3}% 4
\BOOKMARK [2][-]{subsection.3.2}{Aside: Why Not BPP? A Brief Introduction to the Time Aggregation Problem}{section.3}% 5
\BOOKMARK [2][-]{subsection.3.3}{Covariance Restrictions}{section.3}% 6
\BOOKMARK [3][-]{subsubsection.3.3.1}{Income Dynamics: carrollnature1997}{subsection.3.3}% 7
\BOOKMARK [3][-]{subsubsection.3.3.2}{Consumption Dynamics}{subsection.3.3}% 8
\BOOKMARK [1][-]{section.4}{Data}{}% 9
\BOOKMARK [2][-]{subsection.4.1}{Income}{section.4}% 10
\BOOKMARK [2][-]{subsection.4.2}{Imputed Expenditure}{section.4}% 11
\BOOKMARK [2][-]{subsection.4.3}{Sample Selection}{section.4}% 12
\BOOKMARK [1][-]{section.5}{Income and Consumption Characteristics by Household Wealth}{}% 13
\BOOKMARK [1][-]{section.6}{Application: Monetary Policy and the Redistribution Channel}{}% 14
\BOOKMARK [2][-]{subsection.6.1}{Distribution of MPX across NNP, URE and Income}{section.6}% 15
\BOOKMARK [2][-]{subsection.6.2}{Theoretical Setup and Sufficient Statistics}{section.6}% 16
\BOOKMARK [2][-]{subsection.6.3}{Out of Sample MPX}{section.6}% 17
\BOOKMARK [2][-]{subsection.6.4}{Results}{section.6}% 18
\BOOKMARK [1][-]{section.7}{Benchmark Model and Taste Shock Extension}{}% 19
\BOOKMARK [2][-]{subsection.7.1}{Benchmark Model Calibrated to Danish Data}{section.7}% 20
\BOOKMARK [2][-]{subsection.7.2}{Model with Preference Shocks}{section.7}% 21
\BOOKMARK [2][-]{subsection.7.3}{MPX by Liquid Wealth}{section.7}% 22
\BOOKMARK [2][-]{subsection.7.4}{Performance of the Empirical Method}{section.7}% 23
\BOOKMARK [1][-]{section.8}{Threats to Identification}{}% 24
\BOOKMARK [2][-]{subsection.8.1}{Durables}{section.8}% 25
\BOOKMARK [2][-]{subsection.8.2}{Labor Elasticity}{section.8}% 26
\BOOKMARK [2][-]{subsection.8.3}{Semi-Permanent Shocks}{section.8}% 27
\BOOKMARK [2][-]{subsection.8.4}{Persistent Consumption Response}{section.8}% 28
\BOOKMARK [2][-]{subsection.8.5}{Measurement Error}{section.8}% 29
\BOOKMARK [1][-]{section.9}{Robustness}{}% 30
\BOOKMARK [1][-]{section.10}{Conclusion}{}% 31
\BOOKMARK [1][-]{appendix.A}{Identification with Time Aggregation}{}% 32
\BOOKMARK [1][-]{appendix.B}{Sample Selection}{}% 33
\BOOKMARK [1][-]{appendix.C}{Danish Mortgage Market}{}% 34
\BOOKMARK [1][-]{appendix.D}{Distribution of Permanent and Transitory MPX by URE, NNP and Income}{}% 35
