\BOOKMARK [1][-]{section.1}{Introduction}{}% 1
\BOOKMARK [2][-]{subsection.1.1}{MPC Heterogeneity in Theory}{section.1}% 2
\BOOKMARK [2][-]{subsection.1.2}{Empirical Evidence on the Distribution of the MPC}{section.1}% 3
\BOOKMARK [1][-]{section.2}{Empirical Strategy}{}% 4
\BOOKMARK [2][-]{subsection.2.1}{The Time Aggregation Problem}{section.2}% 5
\BOOKMARK [3][-]{subsubsection.2.1.1}{BPP Identification without Time Aggregation}{subsection.2.1}% 6
\BOOKMARK [3][-]{subsubsection.2.1.2}{BPP Identification with Two-period Time Aggregation}{subsection.2.1}% 7
\BOOKMARK [3][-]{subsubsection.2.1.3}{BPP Identification with Time Aggregation in Continuous Time}{subsection.2.1}% 8
\BOOKMARK [2][-]{subsection.2.2}{Our Empirical Strategy: Identification from Growth over 3, 4 and 5 years}{section.2}% 9
\BOOKMARK [3][-]{subsubsection.2.2.1}{carrollnature1997 Income Variance Identification}{subsection.2.2}% 10
\BOOKMARK [3][-]{subsubsection.2.2.2}{Extending carrollnature1997 to Consumption}{subsection.2.2}% 11
\BOOKMARK [1][-]{section.3}{Data}{}% 12
\BOOKMARK [2][-]{subsection.3.1}{Income}{section.3}% 13
\BOOKMARK [2][-]{subsection.3.2}{Imputed Expenditure}{section.3}% 14
\BOOKMARK [2][-]{subsection.3.3}{Sample Selection}{section.3}% 15
\BOOKMARK [1][-]{section.4}{Results}{}% 16
\BOOKMARK [2][-]{subsection.4.1}{Income Variance}{section.4}% 17
\BOOKMARK [2][-]{subsection.4.2}{Consumption Response}{section.4}% 18
\BOOKMARK [2][-]{subsection.4.3}{Robustness to Misspecification}{section.4}% 19
\BOOKMARK [2][-]{subsection.4.4}{Why is the MPX out of Transitory Shocks so High?}{section.4}% 20
\BOOKMARK [1][-]{section.5}{Conclusion}{}% 21
\BOOKMARK [1][-]{appendix.A}{Identification with Time Aggregation}{}% 22
\BOOKMARK [1][-]{appendix.B}{Simulation Results}{}% 23
