\BOOKMARK [1][-]{section.1}{Introduction}{}% 1
\BOOKMARK [2][-]{subsection.1.1}{Empirical Evidence on Heterogeneity in Consumption Behavior}{section.1}% 2
\BOOKMARK [1][-]{section.2}{Empirical Strategy}{}% 3
\BOOKMARK [2][-]{subsection.2.1}{Methodology Intuition}{section.2}% 4
\BOOKMARK [2][-]{subsection.2.2}{Aside: Why Not BPP? A Brief Introduction to the Time Aggregation Problem}{section.2}% 5
\BOOKMARK [2][-]{subsection.2.3}{Covariance Restrictions}{section.2}% 6
\BOOKMARK [3][-]{subsubsection.2.3.1}{Income Dynamics: carrollnature1997}{subsection.2.3}% 7
\BOOKMARK [3][-]{subsubsection.2.3.2}{Consumption Dynamics}{subsection.2.3}% 8
\BOOKMARK [1][-]{section.3}{Data}{}% 9
\BOOKMARK [2][-]{subsection.3.1}{Income}{section.3}% 10
\BOOKMARK [2][-]{subsection.3.2}{Imputed Expenditure}{section.3}% 11
\BOOKMARK [2][-]{subsection.3.3}{Sample Selection}{section.3}% 12
\BOOKMARK [1][-]{section.4}{Income and Consumption Characteristics by Household Wealth}{}% 13
\BOOKMARK [1][-]{section.5}{Application: Monetary Policy and the Redistribution Channel}{}% 14
\BOOKMARK [2][-]{subsection.5.1}{Distribution of MPX across NNP, URE and Income}{section.5}% 15
\BOOKMARK [2][-]{subsection.5.2}{Theoretical Setup and Sufficient Statistics}{section.5}% 16
\BOOKMARK [2][-]{subsection.5.3}{Out of Sample MPX}{section.5}% 17
\BOOKMARK [1][-]{section.6}{Models and Simulation}{}% 18
\BOOKMARK [2][-]{subsection.6.1}{The Standard Incomplete Markets Model}{section.6}% 19
\BOOKMARK [2][-]{subsection.6.2}{Preference Shock Model with Elastic Labor Supply}{section.6}% 20
\BOOKMARK [2][-]{subsection.6.3}{Robustness to Misspecification}{section.6}% 21
\BOOKMARK [2][-]{subsection.6.4}{Why is the MPX out of Transitory Shocks so High?}{section.6}% 22
\BOOKMARK [2][-]{subsection.6.5}{Robustness to Auto Regressive Permanent Income}{section.6}% 23
\BOOKMARK [2][-]{subsection.6.6}{Durables}{section.6}% 24
\BOOKMARK [1][-]{section.7}{Conclusion}{}% 25
\BOOKMARK [1][-]{appendix.A}{Identification with Time Aggregation}{}% 26
\BOOKMARK [1][-]{appendix.B}{Sample Selection}{}% 27
\BOOKMARK [1][-]{appendix.C}{Danish Mortgage Market}{}% 28
\BOOKMARK [1][-]{appendix.D}{Distribution of Permanent and Transitory MPX by URE, NNP and Income}{}% 29
